\BOOKMARK [0][-]{chapter.1}{\376\377\000I\000n\000t\000r\000o\000d\000u\000c\000t\000i\000o\000n\000\040\000C\000o\000n\000t\000e\000x\000t\000u\000e\000l\000l\000e}{}% 1
\BOOKMARK [1][-]{section.1.1}{\376\377\000C\000o\000n\000t\000e\000x\000t\000e\000\040\000d\000u\000\040\000p\000r\000o\000b\000l\000\350\000m\000e}{chapter.1}% 2
\BOOKMARK [1][-]{section.1.2}{\376\377\000N\000a\000t\000u\000r\000e\000\040\000d\000u\000\040\000p\000r\000o\000b\000l\000\350\000m\000e\000\040\000d\000'\000o\000p\000t\000i\000m\000i\000s\000a\000t\000i\000o\000n}{chapter.1}% 3
\BOOKMARK [1][-]{section.1.3}{\376\377\000P\000o\000u\000r\000q\000u\000o\000i\000\040\000l\000'\000a\000l\000g\000o\000r\000i\000t\000h\000m\000e\000\040\000d\000e\000\040\000c\000o\000l\000o\000n\000i\000e\000s\000\040\000d\000e\000\040\000f\000o\000u\000r\000m\000i\000s\000\040\000\050\000A\000C\000O\000\051\000?}{chapter.1}% 4
\BOOKMARK [2][-]{subsection.1.3.1}{\376\377\000A\000d\000\351\000q\000u\000a\000t\000i\000o\000n\000\040\000a\000v\000e\000c\000\040\000l\000e\000s\000\040\000p\000r\000o\000b\000l\000\350\000m\000e\000s\000\040\000d\000e\000\040\000t\000i\000m\000e\000t\000a\000b\000l\000i\000n\000g}{section.1.3}% 5
\BOOKMARK [2][-]{subsection.1.3.2}{\376\377\000F\000l\000e\000x\000i\000b\000i\000l\000i\000t\000\351\000\040\000e\000t\000\040\000a\000d\000a\000p\000t\000a\000b\000i\000l\000i\000t\000\351}{section.1.3}% 6
\BOOKMARK [2][-]{subsection.1.3.3}{\376\377\000\311\000q\000u\000i\000l\000i\000b\000r\000e\000\040\000e\000x\000p\000l\000o\000i\000t\000a\000t\000i\000o\000n\000-\000e\000x\000p\000l\000o\000r\000a\000t\000i\000o\000n}{section.1.3}% 7
\BOOKMARK [2][-]{subsection.1.3.4}{\376\377\000G\000e\000s\000t\000i\000o\000n\000\040\000d\000e\000s\000\040\000c\000o\000n\000t\000r\000a\000i\000n\000t\000e\000s\000\040\000c\000o\000m\000p\000l\000e\000x\000e\000s}{section.1.3}% 8
\BOOKMARK [1][-]{section.1.4}{\376\377\000O\000b\000j\000e\000c\000t\000i\000f\000s\000\040\000d\000e\000\040\000l\000'\000\351\000t\000u\000d\000e}{chapter.1}% 9
\BOOKMARK [0][-]{chapter.2}{\376\377\000P\000r\000i\000n\000c\000i\000p\000e\000\040\000B\000i\000o\000l\000o\000g\000i\000q\000u\000e\000\040\000d\000e\000s\000\040\000F\000o\000u\000r\000m\000i\000s}{}% 10
\BOOKMARK [1][-]{section.2.1}{\376\377\000L\000e\000\040\000c\000o\000m\000p\000o\000r\000t\000e\000m\000e\000n\000t\000\040\000n\000a\000t\000u\000r\000e\000l\000\040\000d\000e\000s\000\040\000f\000o\000u\000r\000m\000i\000s}{chapter.2}% 11
\BOOKMARK [2][-]{subsection.2.1.1}{\376\377\000L\000a\000\040\000d\000\351\000c\000o\000u\000v\000e\000r\000t\000e\000\040\000d\000e\000\040\000n\000o\000u\000r\000r\000i\000t\000u\000r\000e}{section.2.1}% 12
\BOOKMARK [2][-]{subsection.2.1.2}{\376\377\000L\000e\000\040\000m\000\351\000c\000a\000n\000i\000s\000m\000e\000\040\000d\000e\000\040\000r\000e\000n\000f\000o\000r\000c\000e\000m\000e\000n\000t}{section.2.1}% 13
\BOOKMARK [1][-]{section.2.2}{\376\377\000L\000'\000e\000x\000p\000\351\000r\000i\000e\000n\000c\000e\000\040\000d\000u\000\040\000p\000o\000n\000t\000\040\000d\000o\000u\000b\000l\000e}{chapter.2}% 14
\BOOKMARK [2][-]{subsection.2.2.1}{\376\377\000P\000r\000o\000t\000o\000c\000o\000l\000e\000\040\000e\000x\000p\000\351\000r\000i\000m\000e\000n\000t\000a\000l}{section.2.2}% 15
\BOOKMARK [2][-]{subsection.2.2.2}{\376\377\000R\000\351\000s\000u\000l\000t\000a\000t\000s\000\040\000o\000b\000s\000e\000r\000v\000\351\000s}{section.2.2}% 16
\BOOKMARK [2][-]{subsection.2.2.3}{\376\377\000F\000a\000c\000t\000e\000u\000r\000s\000\040\000c\000l\000\351\000s\000\040\000d\000u\000\040\000s\000u\000c\000c\000\350\000s}{section.2.2}% 17
\BOOKMARK [1][-]{section.2.3}{\376\377\000T\000r\000a\000n\000s\000p\000o\000s\000i\000t\000i\000o\000n\000\040\000a\000u\000\040\000d\000o\000m\000a\000i\000n\000e\000\040\000a\000l\000g\000o\000r\000i\000t\000h\000m\000i\000q\000u\000e}{chapter.2}% 18
\BOOKMARK [0][-]{chapter.3}{\376\377\000D\000e\000s\000c\000r\000i\000p\000t\000i\000o\000n\000\040\000d\000e\000\040\000l\000'\000A\000l\000g\000o\000r\000i\000t\000h\000m\000e\000\040\000A\000C\000O}{}% 19
\BOOKMARK [1][-]{section.3.1}{\376\377\000S\000t\000r\000u\000c\000t\000u\000r\000e\000\040\000g\000\351\000n\000\351\000r\000a\000l\000e\000\040\000d\000e\000\040\000l\000'\000a\000l\000g\000o\000r\000i\000t\000h\000m\000e}{chapter.3}% 20
\BOOKMARK [1][-]{section.3.2}{\376\377\000C\000o\000m\000p\000o\000s\000a\000n\000t\000s\000\040\000c\000l\000\351\000s\000\040\000d\000e\000\040\000l\000'\000a\000l\000g\000o\000r\000i\000t\000h\000m\000e}{chapter.3}% 21
\BOOKMARK [2][-]{subsection.3.2.1}{\376\377\000R\000e\000p\000r\000\351\000s\000e\000n\000t\000a\000t\000i\000o\000n\000\040\000d\000u\000\040\000p\000r\000o\000b\000l\000\350\000m\000e}{section.3.2}% 22
\BOOKMARK [2][-]{subsection.3.2.2}{\376\377\000I\000n\000f\000o\000r\000m\000a\000t\000i\000o\000n\000\040\000p\000h\000\351\000r\000o\000m\000o\000n\000a\000l\000e}{section.3.2}% 23
\BOOKMARK [2][-]{subsection.3.2.3}{\376\377\000I\000n\000f\000o\000r\000m\000a\000t\000i\000o\000n\000\040\000h\000e\000u\000r\000i\000s\000t\000i\000q\000u\000e}{section.3.2}% 24
\BOOKMARK [2][-]{subsection.3.2.4}{\376\377\000R\000\350\000g\000l\000e\000\040\000d\000e\000\040\000t\000r\000a\000n\000s\000i\000t\000i\000o\000n\000\040\000p\000r\000o\000b\000a\000b\000i\000l\000i\000s\000t\000e}{section.3.2}% 25
\BOOKMARK [2][-]{subsection.3.2.5}{\376\377\000M\000i\000s\000e\000\040\000\340\000\040\000j\000o\000u\000r\000\040\000d\000e\000s\000\040\000p\000h\000\351\000r\000o\000m\000o\000n\000e\000s}{section.3.2}% 26
\BOOKMARK [1][-]{section.3.3}{\376\377\000M\000A\000X\000-\000M\000I\000N\000\040\000A\000n\000t\000\040\000S\000y\000s\000t\000e\000m}{chapter.3}% 27
\BOOKMARK [0][-]{chapter.4}{\376\377\000M\000o\000d\000\351\000l\000i\000s\000a\000t\000i\000o\000n\000\040\000M\000a\000t\000h\000\351\000m\000a\000t\000i\000q\000u\000e\000\040\000d\000u\000\040\000P\000r\000o\000b\000l\000\350\000m\000e}{}% 28
\BOOKMARK [1][-]{section.4.1}{\376\377\000D\000\351\000f\000i\000n\000i\000t\000i\000o\000n\000\040\000f\000o\000r\000m\000e\000l\000l\000e\000\040\000d\000u\000\040\000p\000r\000o\000b\000l\000\350\000m\000e}{chapter.4}% 29
\BOOKMARK [2][-]{subsection.4.1.1}{\376\377\000V\000a\000r\000i\000a\000b\000l\000e\000s\000\040\000d\000e\000\040\000d\000\351\000c\000i\000s\000i\000o\000n}{section.4.1}% 30
\BOOKMARK [2][-]{subsection.4.1.2}{\376\377\000P\000a\000r\000a\000m\000\350\000t\000r\000e\000s\000\040\000d\000u\000\040\000p\000r\000o\000b\000l\000\350\000m\000e}{section.4.1}% 31
\BOOKMARK [2][-]{subsection.4.1.3}{\376\377\000F\000o\000n\000c\000t\000i\000o\000n\000\040\000d\000e\000\040\000c\000o\000n\000f\000l\000i\000t\000\040\000t\000e\000m\000p\000o\000r\000e\000l}{section.4.1}% 32
\BOOKMARK [1][-]{section.4.2}{\376\377\000F\000o\000n\000c\000t\000i\000o\000n\000\040\000o\000b\000j\000e\000c\000t\000i\000f}{chapter.4}% 33
\BOOKMARK [2][-]{subsection.4.2.1}{\376\377\000N\000o\000m\000b\000r\000e\000\040\000d\000e\000\040\000c\000o\000n\000f\000l\000i\000t\000s}{section.4.2}% 34
\BOOKMARK [2][-]{subsection.4.2.2}{\376\377\000C\000r\000i\000t\000\350\000r\000e\000s\000\040\000s\000e\000c\000o\000n\000d\000a\000i\000r\000e\000s}{section.4.2}% 35
\BOOKMARK [2][-]{subsection.4.2.3}{\376\377\000F\000o\000n\000c\000t\000i\000o\000n\000\040\000o\000b\000j\000e\000c\000t\000i\000f\000\040\000g\000l\000o\000b\000a\000l\000e}{section.4.2}% 36
\BOOKMARK [1][-]{section.4.3}{\376\377\000C\000o\000n\000t\000r\000a\000i\000n\000t\000e\000s}{chapter.4}% 37
\BOOKMARK [2][-]{subsection.4.3.1}{\376\377\000C\000o\000n\000t\000r\000a\000i\000n\000t\000e\000s\000\040\000h\000a\000r\000d\000\040\000\050\000o\000b\000l\000i\000g\000a\000t\000o\000i\000r\000e\000s\000\051}{section.4.3}% 38
\BOOKMARK [2][-]{subsection.4.3.2}{\376\377\000C\000o\000n\000t\000r\000a\000i\000n\000t\000e\000s\000\040\000s\000o\000f\000t\000\040\000\050\000p\000r\000\351\000f\000\351\000r\000e\000n\000c\000e\000s\000\051}{section.4.3}% 39
\BOOKMARK [1][-]{section.4.4}{\376\377\000F\000o\000r\000m\000u\000l\000a\000t\000i\000o\000n\000\040\000c\000o\000m\000p\000l\000\350\000t\000e\000\040\000d\000u\000\040\000p\000r\000o\000b\000l\000\350\000m\000e}{chapter.4}% 40
\BOOKMARK [1][-]{section.4.5}{\376\377\000C\000o\000m\000p\000l\000e\000x\000i\000t\000\351\000\040\000d\000u\000\040\000p\000r\000o\000b\000l\000\350\000m\000e}{chapter.4}% 41
\BOOKMARK [2][-]{subsection.4.5.1}{\376\377\000N\000a\000t\000u\000r\000e\000\040\000N\000P\000-\000d\000i\000f\000f\000i\000c\000i\000l\000e\000\040}{section.4.5}% 42
\BOOKMARK [2][-]{subsection.4.5.2}{\376\377\000J\000u\000s\000t\000i\000f\000i\000c\000a\000t\000i\000o\000n\000\040\000d\000e\000\040\000l\000'\000a\000p\000p\000r\000o\000c\000h\000e\000\040\000m\000\351\000t\000a\000h\000e\000u\000r\000i\000s\000t\000i\000q\000u\000e}{section.4.5}% 43
\BOOKMARK [1][-]{section.4.6}{\376\377\000R\000e\000p\000r\000\351\000s\000e\000n\000t\000a\000t\000i\000o\000n\000\040\000g\000r\000a\000p\000h\000i\000q\000u\000e\000\040\000d\000u\000\040\000p\000r\000o\000b\000l\000\350\000m\000e}{chapter.4}% 44
\BOOKMARK [0][-]{chapter.5}{\376\377\000A\000d\000a\000p\000t\000a\000t\000i\000o\000n\000\040\000d\000e\000\040\000l\000'\000A\000C\000O\000\040\000a\000u\000\040\000P\000r\000o\000b\000l\000\350\000m\000e\000\040\000d\000e\000\040\000T\000i\000m\000e\000t\000a\000b\000l\000i\000n\000g}{}% 45
\BOOKMARK [1][-]{section.5.1}{\376\377\000I\000n\000f\000o\000r\000m\000a\000t\000i\000o\000n\000\040\000h\000e\000u\000r\000i\000s\000t\000i\000q\000u\000e}{chapter.5}% 46
\BOOKMARK [2][-]{subsection.5.1.1}{\376\377\000H\000e\000u\000r\000i\000s\000t\000i\000q\000u\000e\000\040\000d\000e\000\040\000c\000a\000p\000a\000c\000i\000t\000\351}{section.5.1}% 47
\BOOKMARK [2][-]{subsection.5.1.2}{\376\377\000H\000e\000u\000r\000i\000s\000t\000i\000q\000u\000e\000\040\000d\000e\000\040\000c\000o\000n\000f\000l\000i\000t}{section.5.1}% 48
\BOOKMARK [2][-]{subsection.5.1.3}{\376\377\000H\000e\000u\000r\000i\000s\000t\000i\000q\000u\000e\000\040\000d\000e\000\040\000c\000h\000a\000r\000g\000e}{section.5.1}% 49
\BOOKMARK [2][-]{subsection.5.1.4}{\376\377\000H\000e\000u\000r\000i\000s\000t\000i\000q\000u\000e\000\040\000c\000o\000m\000b\000i\000n\000\351\000e\000\040\000a\000v\000e\000c\000\040\000p\000a\000r\000a\000m\000\350\000t\000r\000e\000s\000\040\000d\000e\000\040\000d\000i\000s\000p\000o\000n\000i\000b\000i\000l\000i\000t\000\351}{section.5.1}% 50
\BOOKMARK [2][-]{subsection.5.1.5}{\376\377\000F\000o\000r\000m\000u\000l\000e\000\040\000A\000C\000O\000\040\000e\000n\000r\000i\000c\000h\000i\000e\000\040\000p\000o\000u\000r\000\040\000l\000e\000\040\000t\000i\000m\000e\000t\000a\000b\000l\000i\000n\000g}{section.5.1}% 51
\BOOKMARK [1][-]{section.5.2}{\376\377\000M\000\351\000t\000h\000o\000d\000e\000\040\000d\000e\000\040\000s\000\351\000l\000e\000c\000t\000i\000o\000n\000\040\000p\000a\000r\000\040\000r\000o\000u\000l\000e\000t\000t\000e}{chapter.5}% 52
\BOOKMARK [2][-]{subsection.5.2.1}{\376\377\000P\000r\000i\000n\000c\000i\000p\000e}{section.5.2}% 53
\BOOKMARK [2][-]{subsection.5.2.2}{\376\377\000A\000l\000g\000o\000r\000i\000t\000h\000m\000e\000\040\000d\000e\000\040\000s\000\351\000l\000e\000c\000t\000i\000o\000n}{section.5.2}% 54
\BOOKMARK [1][-]{section.5.3}{\376\377\000A\000l\000g\000o\000r\000i\000t\000h\000m\000e\000\040\000A\000C\000O\000\040\000a\000d\000a\000p\000t\000\351\000\040\000p\000o\000u\000r\000\040\000l\000e\000\040\000p\000r\000o\000b\000l\000\350\000m\000e}{chapter.5}% 55
\BOOKMARK [1][-]{section.5.4}{\376\377\000P\000a\000r\000a\000m\000\350\000t\000r\000e\000s\000\040\000d\000e\000\040\000l\000'\000a\000l\000g\000o\000r\000i\000t\000h\000m\000e}{chapter.5}% 56
\BOOKMARK [1][-]{section.5.5}{\376\377\000C\000o\000m\000p\000l\000e\000x\000i\000t\000\351\000\040\000a\000l\000g\000o\000r\000i\000t\000h\000m\000i\000q\000u\000e}{chapter.5}% 57
\BOOKMARK [2][-]{subsection.5.5.1}{\376\377\000C\000o\000m\000p\000l\000e\000x\000i\000t\000\351\000\040\000d\000'\000u\000n\000e\000\040\000i\000t\000\351\000r\000a\000t\000i\000o\000n}{section.5.5}% 58
\BOOKMARK [2][-]{subsection.5.5.2}{\376\377\000E\000x\000e\000m\000p\000l\000e\000\040\000n\000u\000m\000\351\000r\000i\000q\000u\000e}{section.5.5}% 59
\BOOKMARK [0][-]{chapter.6}{\376\377\000I\000m\000p\000l\000\351\000m\000e\000n\000t\000a\000t\000i\000o\000n\000\040\000P\000y\000t\000h\000o\000n\000\040\000e\000t\000\040\000A\000p\000p\000l\000i\000c\000a\000t\000i\000o\000n\000\040\000a\000u\000\040\000C\000a\000m\000p\000u\000s\000\040\000d\000e\000\040\000S\000o\000g\000b\000o\000-\000A\000l\000i\000h\000o}{}% 60
\BOOKMARK [1][-]{section.6.1}{\376\377\000V\000u\000e\000\040\000d\000'\000e\000n\000s\000e\000m\000b\000l\000e\000\040\000d\000u\000\040\000s\000y\000s\000t\000\350\000m\000e}{chapter.6}% 61
\BOOKMARK [2][-]{subsection.6.1.1}{\376\377\000A\000r\000c\000h\000i\000t\000e\000c\000t\000u\000r\000e\000\040\000m\000o\000d\000u\000l\000a\000i\000r\000e}{section.6.1}% 62
\BOOKMARK [2][-]{subsection.6.1.2}{\376\377\000F\000l\000u\000x\000\040\000d\000e\000\040\000d\000o\000n\000n\000\351\000e\000s}{section.6.1}% 63
\BOOKMARK [2][-]{subsection.6.1.3}{\376\377\000T\000e\000c\000h\000n\000o\000l\000o\000g\000i\000e\000s\000\040\000u\000t\000i\000l\000i\000s\000\351\000e\000s}{section.6.1}% 64
\BOOKMARK [1][-]{section.6.2}{\376\377\000S\000c\000\351\000n\000a\000r\000i\000o\000\040\000d\000\351\000t\000a\000i\000l\000l\000\351\000\040\000d\000u\000\040\000C\000a\000m\000p\000u\000s\000\040\000d\000e\000\040\000S\000o\000g\000b\000o\000-\000A\000l\000i\000h\000o}{chapter.6}% 65
\BOOKMARK [2][-]{subsection.6.2.1}{\376\377\000C\000l\000a\000s\000s\000e\000s\000\040\000e\000t\000\040\000e\000f\000f\000e\000c\000t\000i\000f\000s}{section.6.2}% 66
\BOOKMARK [2][-]{subsection.6.2.2}{\376\377\000S\000a\000l\000l\000e\000s\000\040\000e\000t\000\040\000c\000a\000p\000a\000c\000i\000t\000\351\000s}{section.6.2}% 67
\BOOKMARK [2][-]{subsection.6.2.3}{\376\377\000S\000t\000r\000u\000c\000t\000u\000r\000e\000\040\000t\000e\000m\000p\000o\000r\000e\000l\000l\000e}{section.6.2}% 68
\BOOKMARK [2][-]{subsection.6.2.4}{\376\377\000C\000a\000s\000\040\000p\000a\000r\000t\000i\000c\000u\000l\000i\000e\000r\000\040\000I\000N\000S\000P\000E\000I\000\040\000\050\000p\000r\000\351\000-\000a\000f\000f\000e\000c\000t\000a\000t\000i\000o\000n\000\051}{section.6.2}% 69
\BOOKMARK [2][-]{subsection.6.2.5}{\376\377\000M\000o\000d\000\351\000l\000i\000s\000a\000t\000i\000o\000n\000\040\000e\000n\000\040\000"\000T\000\342\000c\000h\000e\000s\000"\000\040\000e\000t\000\040\000"\000S\000l\000o\000t\000s\000"}{section.6.2}% 70
\BOOKMARK [2][-]{subsection.6.2.6}{\376\377\000M\000a\000p\000p\000a\000g\000e\000\040\000a\000v\000e\000c\000\040\000l\000e\000s\000\040\000v\000a\000r\000i\000a\000b\000l\000e\000s\000\040\000m\000a\000t\000h\000\351\000m\000a\000t\000i\000q\000u\000e\000s}{section.6.2}% 71
\BOOKMARK [1][-]{section.6.3}{\376\377\000M\000o\000d\000u\000l\000e\000\040\000I\000n\000p\000u\000t\000D\000a\000t\000a\000\040\000:\000\040\000S\000t\000r\000u\000c\000t\000u\000r\000a\000t\000i\000o\000n\000\040\000d\000e\000s\000\040\000d\000o\000n\000n\000\351\000e\000s}{chapter.6}% 72
\BOOKMARK [2][-]{subsection.6.3.1}{\376\377\000C\000h\000a\000r\000g\000e\000m\000e\000n\000t\000\040\000d\000e\000\040\000l\000a\000\040\000c\000o\000n\000f\000i\000g\000u\000r\000a\000t\000i\000o\000n\000\040\000J\000S\000O\000N}{section.6.3}% 73
\BOOKMARK [2][-]{subsection.6.3.2}{\376\377\000G\000\351\000n\000\351\000r\000a\000t\000i\000o\000n\000\040\000d\000e\000s\000\040\000t\000\342\000c\000h\000e\000s\000\040\000\050\000C\000l\000a\000s\000s\000e\000\040\000\327\000\040\000M\000a\000t\000i\000\350\000r\000e\000\051}{section.6.3}% 74
\BOOKMARK [2][-]{subsection.6.3.3}{\376\377\000G\000\351\000n\000\351\000r\000a\000t\000i\000o\000n\000\040\000d\000e\000s\000\040\000s\000l\000o\000t\000s\000\040\000\050\000S\000a\000l\000l\000e\000\040\000\327\000\040\000C\000r\000\351\000n\000e\000a\000u\000\051}{section.6.3}% 75
\BOOKMARK [2][-]{subsection.6.3.4}{\376\377\000M\000a\000t\000r\000i\000c\000e\000\040\000d\000e\000\040\000c\000o\000m\000p\000a\000t\000i\000b\000i\000l\000i\000t\000\351}{section.6.3}% 76
\BOOKMARK [1][-]{section.6.4}{\376\377\000M\000o\000d\000u\000l\000e\000\040\000A\000C\000O\000\137\000T\000i\000m\000e\000t\000a\000b\000l\000i\000n\000g\000\040\000:\000\040\000C\001\123\000u\000r\000\040\000d\000e\000\040\000l\000'\000a\000l\000g\000o\000r\000i\000t\000h\000m\000e}{chapter.6}% 77
\BOOKMARK [2][-]{subsection.6.4.1}{\376\377\000I\000n\000i\000t\000i\000a\000l\000i\000s\000a\000t\000i\000o\000n}{section.6.4}% 78
\BOOKMARK [2][-]{subsection.6.4.2}{\376\377\000C\000a\000l\000c\000u\000l\000\040\000d\000e\000\040\000l\000'\000h\000e\000u\000r\000i\000s\000t\000i\000q\000u\000e}{section.6.4}% 79
\BOOKMARK [2][-]{subsection.6.4.3}{\376\377\000C\000o\000n\000s\000t\000r\000u\000c\000t\000i\000o\000n\000\040\000d\000e\000\040\000s\000o\000l\000u\000t\000i\000o\000n}{section.6.4}% 80
\BOOKMARK [2][-]{subsection.6.4.4}{\376\377\000\311\000v\000a\000l\000u\000a\000t\000i\000o\000n\000\040\000\050\000f\0001\000,\000\040\000f\0002\000,\000\040\000f\0003\000\051}{section.6.4}% 81
\BOOKMARK [2][-]{subsection.6.4.5}{\376\377\000M\000i\000s\000e\000\040\000\340\000\040\000j\000o\000u\000r\000\040\000d\000e\000s\000\040\000p\000h\000\351\000r\000o\000m\000o\000n\000e\000s}{section.6.4}% 82
\BOOKMARK [1][-]{section.6.5}{\376\377\000A\000n\000a\000l\000y\000s\000e\000\040\000d\000e\000\040\000l\000a\000\040\000c\000o\000m\000p\000l\000e\000x\000i\000t\000\351\000\040\000a\000l\000g\000o\000r\000i\000t\000h\000m\000i\000q\000u\000e}{chapter.6}% 83
\BOOKMARK [2][-]{subsection.6.5.1}{\376\377\000C\000o\000m\000p\000l\000e\000x\000i\000t\000\351\000\040\000t\000h\000\351\000o\000r\000i\000q\000u\000e\000\040\000e\000n\000\040\000f\000o\000n\000c\000t\000i\000o\000n\000\040\000d\000e\000\040\000n\000\040\000e\000t\000\040\000k}{section.6.5}% 84
\BOOKMARK [2][-]{subsection.6.5.2}{\376\377\000A\000p\000p\000l\000i\000c\000a\000t\000i\000o\000n\000\040\000n\000u\000m\000\351\000r\000i\000q\000u\000e\000\040\000a\000u\000x\000\040\000s\000c\000\351\000n\000a\000r\000i\000o\000s}{section.6.5}% 85
\BOOKMARK [2][-]{subsection.6.5.3}{\376\377\000C\000o\000m\000p\000a\000r\000a\000i\000s\000o\000n\000\040\000a\000v\000e\000c\000\040\000d\000'\000a\000u\000t\000r\000e\000s\000\040\000a\000p\000p\000r\000o\000c\000h\000e\000s}{section.6.5}% 86
\BOOKMARK [2][-]{subsection.6.5.4}{\376\377\000A\000n\000a\000l\000y\000s\000e\000\040\000d\000e\000\040\000s\000c\000a\000l\000a\000b\000i\000l\000i\000t\000\351}{section.6.5}% 87
\BOOKMARK [1][-]{section.6.6}{\376\377\000E\000x\000\351\000c\000u\000t\000i\000o\000n\000\040\000e\000t\000\040\000p\000a\000r\000a\000m\000\350\000t\000r\000e\000s}{chapter.6}% 88
\BOOKMARK [2][-]{subsection.6.6.1}{\376\377\000P\000a\000r\000a\000m\000\350\000t\000r\000e\000s\000\040\000A\000C\000O\000\040\000u\000t\000i\000l\000i\000s\000\351\000s}{section.6.6}% 89
\BOOKMARK [2][-]{subsection.6.6.2}{\376\377\000C\000r\000i\000t\000\350\000r\000e\000s\000\040\000d\000'\000a\000r\000r\000\352\000t}{section.6.6}% 90
\BOOKMARK [1][-]{section.6.7}{\376\377\000R\000\351\000s\000u\000l\000t\000a\000t\000s\000\040\000o\000b\000t\000e\000n\000u\000s}{chapter.6}% 91
\BOOKMARK [2][-]{subsection.6.7.1}{\376\377\000S\000t\000a\000t\000i\000s\000t\000i\000q\000u\000e\000s\000\040\000d\000e\000\040\000c\000o\000n\000v\000e\000r\000g\000e\000n\000c\000e}{section.6.7}% 92
\BOOKMARK [2][-]{subsection.6.7.2}{\376\377\000A\000n\000a\000l\000y\000s\000e\000\040\000d\000e\000\040\000l\000a\000\040\000f\000o\000n\000c\000t\000i\000o\000n\000\040\000o\000b\000j\000e\000c\000t\000i\000f}{section.6.7}% 93
\BOOKMARK [2][-]{subsection.6.7.3}{\376\377\000P\000l\000a\000n\000n\000i\000n\000g\000\040\000f\000i\000n\000a\000l\000\040\000g\000\351\000n\000\351\000r\000\351}{section.6.7}% 94
\BOOKMARK [2][-]{subsection.6.7.4}{\376\377\000O\000c\000c\000u\000p\000a\000t\000i\000o\000n\000\040\000d\000e\000s\000\040\000s\000a\000l\000l\000e\000s}{section.6.7}% 95
\BOOKMARK [2][-]{subsection.6.7.5}{\376\377\000I\000n\000t\000e\000r\000p\000r\000\351\000t\000a\000t\000i\000o\000n}{section.6.7}% 96
\BOOKMARK [1][-]{section.6.8}{\376\377\000E\000x\000p\000o\000r\000t\000\040\000e\000t\000\040\000v\000i\000s\000u\000a\000l\000i\000s\000a\000t\000i\000o\000n}{chapter.6}% 97
\BOOKMARK [2][-]{subsection.6.8.1}{\376\377\000F\000i\000c\000h\000i\000e\000r\000s\000\040\000C\000S\000V\000\040\000g\000\351\000n\000\351\000r\000\351\000s}{section.6.8}% 98
\BOOKMARK [2][-]{subsection.6.8.2}{\376\377\000F\000o\000r\000m\000a\000t\000\040\000d\000e\000s\000\040\000r\000\351\000s\000u\000l\000t\000a\000t\000s}{section.6.8}% 99
\BOOKMARK [1][-]{section.6.9}{\376\377\000D\000i\000s\000c\000u\000s\000s\000i\000o\000n\000\040\000e\000t\000\040\000p\000e\000r\000s\000p\000e\000c\000t\000i\000v\000e\000s}{chapter.6}% 100
\BOOKMARK [2][-]{subsection.6.9.1}{\376\377\000L\000i\000m\000i\000t\000e\000s\000\040\000e\000t\000\040\000d\000\351\000f\000i\000s\000\040\000i\000d\000e\000n\000t\000i\000f\000i\000\351\000s}{section.6.9}% 101
\BOOKMARK [2][-]{subsection.6.9.2}{\376\377\000P\000e\000r\000s\000p\000e\000c\000t\000i\000v\000e\000s\000\040\000d\000'\000a\000m\000\351\000l\000i\000o\000r\000a\000t\000i\000o\000n}{section.6.9}% 102
\BOOKMARK [2][-]{subsection.6.9.3}{\376\377\000A\000p\000p\000l\000i\000c\000a\000b\000i\000l\000i\000t\000\351\000\040\000\340\000\040\000d\000'\000a\000u\000t\000r\000e\000s\000\040\000c\000o\000n\000t\000e\000x\000t\000e\000s}{section.6.9}% 103
\BOOKMARK [2][-]{subsection.6.9.4}{\376\377\000C\000o\000n\000c\000l\000u\000s\000i\000o\000n\000\040\000d\000u\000\040\000c\000h\000a\000p\000i\000t\000r\000e}{section.6.9}% 104
